Arguments: 
  C:\Program Files\nodejs\node.exe C:\Documents and Settings\VAlvarado\Documents\RND\react-proj\indecision-app\node_modules\yarn\bin\yarn.js init

PATH: 
  node_modules\.bin;H:\bin;C:\Program Files\Git\mingw64\bin;C:\Program Files\Git\usr\local\bin;C:\Program Files\Git\usr\bin;C:\Program Files\Git\usr\bin;C:\Program Files\Git\mingw64\bin;C:\Program Files\Git\usr\bin;H:\bin;C:\Program Files (x86)\Common Files\Oracle\Java\javapath;C:\ProgramData\Oracle\Java\javapath;C:\Program Files\Common Files\Microsoft Shared\Windows Live;C:\Program Files (x86)\Common Files\Microsoft Shared\Windows Live;C:\Program Files (x86)\AMD APP\bin\x86_64;C:\Program Files (x86)\AMD APP\bin\x86;C:\Program Files (x86)\Intel\iCLS Client;C:\Program Files\Intel\iCLS Client;C:\WINDOWS\system32;C:\WINDOWS;C:\WINDOWS\System32\Wbem;C:\WINDOWS\System32\WindowsPowerShell\v1.0;C:\Program Files (x86)\ATI Technologies\ATI.ACE\Core-Static;C:\Program Files (x86)\Windows Live\Shared;C:\Program Files (x86)\Microsoft SQL Server\110\Tools\Binn;C:\Program Files (x86)\Microsoft SQL Server\110\DTS\Binn;C:\Program Files (x86)\ATI Technologies\ATI.ACE\Core-Static;C:\Program Files (x86)\MySQL\MySQL Fabric 1.5 & MySQL Utilities 1.5;C:\Program Files (x86)\MySQL\MySQL Fabric 1.5 & MySQL Utilities 1.5\Doctrine extensions for PHP;C:\HashiCorp\Vagrant\bin;C:\Program Files\Git\cmd;C:\WINDOWS\System32\OpenSSH;C:\Program Files\Microsoft VS Code\bin;C:\Program Files\dotnet;C:\Program Files (x86)\Intel\Intel(R) Management Engine Components\DAL;C:\Program Files\Intel\Intel(R) Management Engine Components\DAL;C:\Program Files (x86)\Intel\Intel(R) Management Engine Components\IPT;C:\Program Files\Intel\Intel(R) Management Engine Components\IPT;C:\Program Files\nodejs;C:\Users\VAlvarado\AppData\Local\Programs\Python\Python37-32\Scripts;C:\Users\VAlvarado\AppData\Local\Programs\Python\Python37-32;C:\Users\VAlvarado\AppData\Local\Microsoft\WindowsApps;C:\Users\VAlvarado\.dotnet\tools;C:\Users\VAlvarado\AppData\Roaming\npm;C:\Users\VAlvarado\AppData\Local\atom\bin;C:\Program Files\Git\usr\bin\vendor_perl;C:\Program Files\Git\usr\bin\core_perl

Yarn version: 
  1.17.2

Node version: 
  10.15.0

Platform: 
  win32 x64

Trace: 
  Error: Can't answer a question unless a user TTY
      at ConsoleReporter.question (C:\Users\VAlvarado\Documents\RND\react-proj\indecision-app\node_modules\yarn\lib\cli.js:96523:59)
      at Object.<anonymous> (C:\Users\VAlvarado\Documents\RND\react-proj\indecision-app\node_modules\yarn\lib\cli.js:88884:38)
      at Generator.next (<anonymous>)
      at step (C:\Users\VAlvarado\Documents\RND\react-proj\indecision-app\node_modules\yarn\lib\cli.js:304:30)
      at C:\Users\VAlvarado\Documents\RND\react-proj\indecision-app\node_modules\yarn\lib\cli.js:315:13

npm manifest: 
  {
    "name": "indecision-app",
    "version": "1.0.0",
    "description": "",
    "main": "index.js",
    "dependencies": {
      "request-promise": "^4.2.4",
      "yarn": "^1.17.2"
    },
    "devDependencies": {
      "babel-install": "2.1.0"
    },
    "scripts": {
      "test": "echo \"Error: no test specified\" && exit 1"
    },
    "author": "Vaughn Alvarado",
    "license": "ISC"
  }

yarn manifest: 
  No manifest

Lockfile: 
  # THIS IS AN AUTOGENERATED FILE. DO NOT EDIT THIS FILE DIRECTLY.
  # yarn lockfile v1
